<?xml version="1.0" encoding="UTF-8"?>
<!-- Generated by org.testng.reporters.JUnitXMLReporter -->
<testsuite ignored="0" hostname="DESKTOP-BOPIQFS" failures="1" tests="1" name="firefoxTest" time="10.275" errors="0" timestamp="2026-04-02T10:50:25 IST">
  <testcase classname="testCases.LoginToOrangeHrm_01" name="verfylogin" time="0.0">
    <failure type="org.testng.TestNGException" message="
Parameter &amp;apos;OrgUserName&amp;apos; is required by @Test on method verfylogin but has not been marked @Optional or defined
in C:\Users\DELL\eclipse-workspace\Orangehrm\CrossBrowsertestng.xml">
      <![CDATA[org.testng.TestNGException: 
Parameter 'OrgUserName' is required by @Test on method verfylogin but has not been marked @Optional or defined
in C:\Users\DELL\eclipse-workspace\Orangehrm\CrossBrowsertestng.xml
at java.base/java.util.ArrayList.forEach(ArrayList.java:1596)
at java.base/java.util.concurrent.FutureTask.run(FutureTask.java:317)
at java.base/java.util.concurrent.ThreadPoolExecutor.runWorker(ThreadPoolExecutor.java:1144)
at java.base/java.util.concurrent.ThreadPoolExecutor$Worker.run(ThreadPoolExecutor.java:642)
at java.base/java.lang.Thread.run(Thread.java:1583)
... Removed 16 stack frames]]>
    </failure>
  </testcase> <!-- verfylogin -->
</testsuite> <!-- firefoxTest -->
