<?xml version="1.0" encoding="UTF-8"?>
<testng-results ignored="0" total="2" passed="2" failed="0" skipped="0">
  <reporter-output>
  </reporter-output>
  <suite started-at="2026-04-02T11:26:12 IST" name="Suite" finished-at="2026-04-02T11:26:35 IST" duration-ms="23355">
    <groups>
      <group name="Sanity">
        <method signature="LoginToOrangeHrm_01.verfylogin()[pri:0, instance:testCases.LoginToOrangeHrm_01@18a136ac]" name="verfylogin" class="testCases.LoginToOrangeHrm_01"/>
        <method signature="LoginToOrangeHrm_01.verfylogin()[pri:0, instance:testCases.LoginToOrangeHrm_01@79c7532f]" name="verfylogin" class="testCases.LoginToOrangeHrm_01"/>
      </group> <!-- Sanity -->
    </groups>
    <test started-at="2026-04-02T11:26:12 IST" name="Test" finished-at="2026-04-02T11:26:25 IST" duration-ms="13389">
      <class name="testCases.LoginToOrangeHrm_01">
        <test-method is-config="true" signature="setup(java.lang.String,java.lang.String)[pri:0, instance:testCases.LoginToOrangeHrm_01@18a136ac]" started-at="2026-04-02T11:26:12 IST" name="setup" finished-at="2026-04-02T11:26:21 IST" duration-ms="8810" status="PASS">
          <params>
            <param index="0">
              <value>
                <![CDATA[Windows]]>
              </value>
            </param>
            <param index="1">
              <value>
                <![CDATA[chrome]]>
              </value>
            </param>
          </params>
          <reporter-output>
          </reporter-output>
        </test-method> <!-- setup -->
        <test-method signature="verfylogin()[pri:0, instance:testCases.LoginToOrangeHrm_01@18a136ac]" started-at="2026-04-02T11:26:21 IST" name="verfylogin" finished-at="2026-04-02T11:26:23 IST" duration-ms="1649" status="PASS">
          <reporter-output>
          </reporter-output>
        </test-method> <!-- verfylogin -->
        <test-method is-config="true" signature="teardown()[pri:0, instance:testCases.LoginToOrangeHrm_01@18a136ac]" started-at="2026-04-02T11:26:25 IST" name="teardown" finished-at="2026-04-02T11:26:25 IST" duration-ms="96" status="PASS">
          <reporter-output>
          </reporter-output>
        </test-method> <!-- teardown -->
      </class> <!-- testCases.LoginToOrangeHrm_01 -->
    </test> <!-- Test -->
    <test started-at="2026-04-02T11:26:26 IST" name="Test2" finished-at="2026-04-02T11:26:35 IST" duration-ms="8967">
      <class name="testCases.LoginToOrangeHrm_01">
        <test-method is-config="true" signature="setup(java.lang.String,java.lang.String)[pri:0, instance:testCases.LoginToOrangeHrm_01@79c7532f]" started-at="2026-04-02T11:26:26 IST" name="setup" finished-at="2026-04-02T11:26:31 IST" duration-ms="4750" status="PASS">
          <params>
            <param index="0">
              <value>
                <![CDATA[Windows]]>
              </value>
            </param>
            <param index="1">
              <value>
                <![CDATA[chrome]]>
              </value>
            </param>
          </params>
          <reporter-output>
          </reporter-output>
        </test-method> <!-- setup -->
        <test-method signature="verfylogin()[pri:0, instance:testCases.LoginToOrangeHrm_01@79c7532f]" started-at="2026-04-02T11:26:31 IST" name="verfylogin" finished-at="2026-04-02T11:26:33 IST" duration-ms="2077" status="PASS">
          <reporter-output>
          </reporter-output>
        </test-method> <!-- verfylogin -->
        <test-method is-config="true" signature="teardown()[pri:0, instance:testCases.LoginToOrangeHrm_01@79c7532f]" started-at="2026-04-02T11:26:35 IST" name="teardown" finished-at="2026-04-02T11:26:35 IST" duration-ms="80" status="PASS">
          <reporter-output>
          </reporter-output>
        </test-method> <!-- teardown -->
      </class> <!-- testCases.LoginToOrangeHrm_01 -->
    </test> <!-- Test2 -->
  </suite> <!-- Suite -->
</testng-results>
